Beginning to parse...


Sending sentence number 0 to parser 0
Sending sentence number 1 to parser 1
(Set(S, NP),0,8)
(Set(NP),0,6)
(Set(VP, V),2,8)
(Set(NP, DET),3,8)
(Set(NP),0,5)
(Set(N),4,8)
(Set(V),3,6)
(Set(DET),0,3)
(Set(DET),4,6)
(Set(ADJ),1,3)
Parser 0 parsed the sentence: "the green sauerkraut eats a dolly"
(Set(PREP),5,8)
(Set(V),2,5)
(Set(DET),0,2)
(Set(DET),3,5)
(Set(DET),6,8)
Parser 1 parsed the sentence: "the sauerkraut eats a dolly under the chicken"
Starting sentence number 3 with parser 0
Starting sentence number 4 with parser 1
(Set(NP),0,6)
(Set(V),2,6)
(Set(NP),0,6)
(Set(DET),3,6)
(Set(V),2,6)
(Set(DET),0,2)
(Set(DET),3,6)
(Set(ADJ),4,6)
Parser 1 parsed the sentence: "a dolly saw the green dolly"
(Set(DET),0,2)
(Set(ADJ),4,6)
Parser 0 parsed the sentence: "the chicken eats the green dolly"
Starting sentence number 5 with parser 1
Starting sentence number 6 with parser 0
(Set(S, NP),0,9)
(Set(NP),0,6)
(Set(VP, V),3,9)
(Set(NP, DET),4,9)
(Set(N),5,9)
(Set(NP),0,5)
(Set(PREP),6,9)
(Set(V),2,5)
(Set(V),3,6)
(Set(DET),0,2)
(Set(DET),0,3)
(Set(DET),3,5)
(Set(DET),7,9)
Parser 0 parsed the sentence: "the sauerkraut eats the chicken"
(Set(DET),4,6)
(Set(ADJ),1,3)
Parser 1 parsed the sentence: "the green sauerkraut saw a chicken under the dolly"
Starting sentence number 7 with parser 0
Starting sentence number 8 with parser 1
(Set(NP),0,5)
(Set(V),2,5)
(Set(DET),0,2)
(Set(DET),3,5)
Parser 1 parsed the sentence: "a dolly eats the chicken"
(Set(NP),0,8)
(Set(NP, DET),0,5)
Starting sentence number 9 with parser 1
(Set(N),1,5)
(Set(S, NP),0,8)
(Set(V),5,8)
(Set(PREP),2,5)
(Set(VP, V),2,8)
(Set(DET),0,2)
(Set(NP, DET),3,8)
(Set(DET),3,5)
(Set(DET),6,8)
Parser 0 parsed the sentence: "a dolly under the chicken saw the sauerkraut"
(Set(NP),0,5)
(Set(N),4,8)
Starting sentence number 10 with parser 0
(Set(PREP),5,8)
(Set(V),2,5)
(Set(NP),0,6)
(Set(V),3,6)
(Set(DET),0,3)
(Set(DET),4,6)
(Set(ADJ),1,3)
Parser 0 parsed the sentence: "a green chicken eats the sauerkraut"
(Set(DET),0,2)
(Set(DET),3,5)
(Set(DET),6,8)
Parser 1 parsed the sentence: "the dolly saw a chicken under the dolly"
Parser 0 stopping
Parser 1 stopping
Beginning to parse...


Sending sentence number 0 to parser 0
(Set(NP),0,6)
(Set(V),3,6)
(Set(DET),0,3)
(Set(DET),4,6)
(Set(ADJ),1,3)
Parser 0 parsed the sentence: "the green sauerkraut eats a dolly"
Sending sentence number 1 to parser 1
(Set(S, NP),0,8)
(Set(VP, V),2,8)
(Set(NP, DET),3,8)
(Set(NP),0,5)
(Set(N),4,8)
(Set(PREP),5,8)
(Set(V),2,5)
(Set(DET),0,2)
Starting sentence number 3 with parser 0
(Set(NP),0,6)
(Set(V),2,6)
(Set(DET),3,6)
(Set(DET),0,2)
(Set(ADJ),4,6)
Parser 0 parsed the sentence: "the chicken eats the green dolly"
Starting sentence number 4 with parser 0
(Set(DET),3,5)
(Set(DET),6,8)
Parser 1 parsed the sentence: "the sauerkraut eats a dolly under the chicken"
(Set(NP),0,6)
(Set(V),2,6)
Starting sentence number 5 with parser 1
(Set(DET),3,6)
(Set(DET),0,2)
(Set(S, NP),0,9)
(Set(NP),0,6)
(Set(VP, V),3,9)
(Set(NP, DET),4,9)
(Set(N),5,9)
(Set(PREP),6,9)
(Set(ADJ),4,6)
(Set(V),3,6)
Parser 0 parsed the sentence: "a dolly saw the green dolly"
(Set(DET),0,3)
(Set(DET),7,9)
(Set(DET),4,6)
(Set(ADJ),1,3)
Parser 1 parsed the sentence: "the green sauerkraut saw a chicken under the dolly"
Starting sentence number 6 with parser 0
(Set(NP),0,5)
(Set(V),2,5)
(Set(DET),0,2)
(Set(DET),3,5)
Parser 0 parsed the sentence: "the sauerkraut eats the chicken"
Starting sentence number 7 with parser 1
Starting sentence number 8 with parser 0
(Set(NP),0,5)
(Set(V),2,5)
(Set(NP),0,8)
(Set(DET),0,2)
(Set(DET),3,5)
(Set(NP, DET),0,5)
Parser 0 parsed the sentence: "a dolly eats the chicken"
Starting sentence number 9 with parser 0
(Set(N),1,5)
(Set(S, NP),0,8)
(Set(VP, V),2,8)
(Set(NP, DET),3,8)
(Set(NP),0,5)
(Set(N),4,8)
(Set(PREP),5,8)
(Set(V),2,5)
(Set(DET),0,2)
(Set(DET),3,5)
(Set(V),5,8)
(Set(PREP),2,5)
(Set(DET),0,2)
(Set(DET),3,5)
(Set(DET),6,8)
Parser 1 parsed the sentence: "a dolly under the chicken saw the sauerkraut"
Starting sentence number 10 with parser 1
(Set(DET),6,8)
Parser 0 parsed the sentence: "the dolly saw a chicken under the dolly"
(Set(NP),0,6)
(Set(V),3,6)
(Set(DET),0,3)
(Set(DET),4,6)
(Set(ADJ),1,3)
Parser 1 parsed the sentence: "a green chicken eats the sauerkraut"
Parser 0 stopping
Parser 1 stopping
Beginning to parse...


Sending sentence number 0 to parser 0
Sending sentence number 1 to parser 1
(Set(S, NP),0,8)
(Set(VP, V),2,8)
(Set(NP, DET),3,8)
(Set(NP),0,5)
(Set(NP),0,6)
(Set(N),4,8)
(Set(V),3,6)
(Set(PREP),5,8)
(Set(DET),0,3)
(Set(V),2,5)
(Set(DET),4,6)
(Set(ADJ),1,3)
(Set(DET),0,2)
(Set(DET),3,5)
Parser 0 parsed the sentence: "the green sauerkraut eats a dolly"
Starting sentence number 3 with parser 0
(Set(NP),0,6)
(Set(V),2,6)
(Set(DET),3,6)
(Set(DET),6,8)
Parser 1 parsed the sentence: "the sauerkraut eats a dolly under the chicken"
(Set(DET),0,2)
(Set(ADJ),4,6)
Starting sentence number 4 with parser 1
(Set(NP),0,6)
(Set(V),2,6)
(Set(DET),3,6)
(Set(DET),0,2)
Parser 0 parsed the sentence: "the chicken eats the green dolly"
Starting sentence number 5 with parser 0
(Set(S, NP),0,9)
(Set(NP),0,6)
(Set(VP, V),3,9)
(Set(NP, DET),4,9)
(Set(N),5,9)
(Set(PREP),6,9)
(Set(V),3,6)
(Set(ADJ),4,6)
Parser 1 parsed the sentence: "a dolly saw the green dolly"
Starting sentence number 6 with parser 1
(Set(DET),0,3)
(Set(DET),7,9)
(Set(DET),4,6)
(Set(NP),0,5)
(Set(ADJ),1,3)
Parser 0 parsed the sentence: "the green sauerkraut saw a chicken under the dolly"
(Set(V),2,5)
(Set(DET),0,2)
(Set(DET),3,5)
Starting sentence number 7 with parser 0
Parser 1 parsed the sentence: "the sauerkraut eats the chicken"
Starting sentence number 8 with parser 1
(Set(NP),0,5)
(Set(V),2,5)
(Set(NP),0,8)
(Set(DET),0,2)
(Set(NP, DET),0,5)
(Set(DET),3,5)
Parser 1 parsed the sentence: "a dolly eats the chicken"
Starting sentence number 9 with parser 1
(Set(N),1,5)
(Set(V),5,8)
(Set(PREP),2,5)
(Set(DET),0,2)
(Set(DET),3,5)
(Set(DET),6,8)
Parser 0 parsed the sentence: "a dolly under the chicken saw the sauerkraut"
Starting sentence number 10 with parser 0
(Set(S, NP),0,8)
(Set(VP, V),2,8)
(Set(NP, DET),3,8)
(Set(NP),0,5)
(Set(NP),0,6)
(Set(V),3,6)
(Set(DET),0,3)
(Set(DET),4,6)
(Set(ADJ),1,3)
Parser 0 parsed the sentence: "a green chicken eats the sauerkraut"
(Set(N),4,8)
(Set(PREP),5,8)
(Set(V),2,5)
(Set(DET),0,2)
(Set(DET),3,5)
(Set(DET),6,8)
Parser 1 parsed the sentence: "the dolly saw a chicken under the dolly"
Parser 0 stopping
Parser 1 stopping
